<?xml version="1.0" encoding="utf-8"?><testsuites><testsuite name="pytest" errors="0" failures="0" skipped="0" tests="4" time="6.422" timestamp="2024-07-14T16:26:41.438151" hostname="COL-LT-240626A"><testcase classname="tests.api.test_api.TestBatchPipeline" name="test_should_failed_unkown_column_1" time="0.085" /><testcase classname="tests.api.test_api.TestBatchPipeline" name="test_should_failed_unkown_column_2" time="0.015" /><testcase classname="tests.api.test_api.TestBatchPipeline" name="test_should_failed_unkown_column_3" time="0.020" /><testcase classname="tests.api.test_api.TestBatchPipeline" name="test_should_get_predict" time="0.014" /></testsuite></testsuites>